Arguments: 
  C:\Program Files\nodejs\node.exe C:\Users\Filipe\AppData\Roaming\npm\node_modules\yarn\bin\yarn.js add typscript nodemon ts-node prettier

PATH: 
  C:\Program Files\Git\mingw64\bin;C:\Program Files\Git\usr\bin;C:\Users\Filipe\bin;C:\Users\Filipe\bin;C:\Program Files\Git\mingw64\bin;C:\Program Files\Git\usr\local\bin;C:\Program Files\Git\usr\bin;C:\Program Files\Git\usr\bin;C:\Program Files\Git\mingw64\bin;C:\Program Files\Git\usr\bin;C:\Users\Filipe\bin;C:\Program Files (x86)\Common Files\Oracle\Java\javapath;C:\Python39\Scripts;C:\Python39;C:\WINDOWS\system32;C:\WINDOWS;C:\WINDOWS\System32\Wbem;C:\WINDOWS\System32\WindowsPowerShell\v1.0;C:\WINDOWS\System32\OpenSSH;C:\Program Files\Git\cmd;C:\ProgramData\chocolatey\bin;C:\Program Files\nodejs;C:\Program Files\OpenJDK\openjdk-8u272-b10\bin;C:\wamp64\bin\php\php7.0.33;C:\ProgramData\ComposerSetup\bin;C:\Program Files\Docker\Docker\resources\bin;C:\ProgramData\DockerDesktop\version-bin;C:\Users\Filipe\AppData\Local\Microsoft\WindowsApps;C:\Users\Filipe\AppData\Roaming\npm;C:\Users\Filipe\AppData\Local\Android\Sdk\platform-tools;C:\Users\Filipe\AppData\Roaming\Composer\vendor\bin;C:\Users\Filipe\AppData\Local\Programs\Microsoft VS Code\bin;C:\Program Files\Git\usr\bin\vendor_perl;C:\Program Files\Git\usr\bin\core_perl

Yarn version: 
  1.22.10

Node version: 
  15.1.0

Platform: 
  win32 x64

Trace: 
  Error: https://registry.yarnpkg.com/typscript: Not found
      at Request.params.callback [as _callback] (C:\Users\Filipe\AppData\Roaming\npm\node_modules\yarn\lib\cli.js:66988:18)
      at Request.self.callback (C:\Users\Filipe\AppData\Roaming\npm\node_modules\yarn\lib\cli.js:140662:22)
      at Request.emit (node:events:327:20)
      at Request.<anonymous> (C:\Users\Filipe\AppData\Roaming\npm\node_modules\yarn\lib\cli.js:141634:10)
      at Request.emit (node:events:327:20)
      at IncomingMessage.<anonymous> (C:\Users\Filipe\AppData\Roaming\npm\node_modules\yarn\lib\cli.js:141556:12)
      at Object.onceWrapper (node:events:433:28)
      at IncomingMessage.emit (node:events:339:22)
      at endReadableNT (node:internal/streams/readable:1289:12)
      at processTicksAndRejections (node:internal/process/task_queues:80:21)

npm manifest: 
  {
    "name": "daily-teams-notes-backend",
    "version": "1.0.0",
    "description": "",
    "main": "index.js",
    "scripts": {
      "test": "echo \"Error: no test specified\" && exit 1"
    },
    "keywords": [],
    "author": "",
    "license": "ISC"
  }

yarn manifest: 
  No manifest

Lockfile: 
  No lockfile
